[2023-10-25 01:35:46.248] [debug] [13863837] [raysync_service_manager.cpp:1523] [init] service begin
[2023-10-25 01:35:46.248] [debug] [13863837] [raysync_service_manager.cpp:2057] [load_service_config] load service config.
[2023-10-25 01:35:46.249] [error] [13863837] [raysync_service_manager.cpp:2130] [load_service_config] Configuration file error.
[2023-10-25 01:35:46.249] [debug] [13863837] [raysync_service_manager.cpp:2133] [load_service_config] MSS: 1200
[2023-10-25 01:35:46.251] [debug] [13863837] [raysync_service_manager.cpp:1573] [init] service run on 53221
[2023-10-25 01:35:46.251] [debug] [13863837] [raysync_service_manager.cpp:1582] [init] start watch dog
[2023-10-25 01:35:46.260] [debug] [13863837] [raysync_service_manager.cpp:1607] [init] start capturer
[2023-10-25 01:35:46.271] [debug] [13864647] [raysync_service_manager.cpp:163] [on_accept] accept connection 140178011223744
[2023-10-25 01:35:46.295] [debug] [13863837] [raysync_service_manager.cpp:1627] [init] init web manager
[2023-10-25 01:35:46.295] [debug] [13863837] [raysync_service_manager.cpp:1634] [init] start capturer checker
[2023-10-25 01:35:46.295] [debug] [13863837] [raysync_service_manager.cpp:1666] [create_websocket_connection] create websocket connection: ip=api.raylink.live port=443 password=
[2023-10-25 01:35:46.295] [error] [13863837] [raysync_service_manager.cpp:1809] [create_websocket_connection] token is empty.
[2023-10-25 01:35:46.367] [debug] [13864685] [raysync_service_manager.cpp:271] [on_connect] service connected
[2023-10-25 01:35:46.368] [error] [13864685] [websocket_connection.cpp:36] [WebsocketConnection] WebsocketConnection::WebsocketConnection
[2023-10-25 01:35:46.368] [debug] [13864685] [websocket_connection.cpp:61] [init] init websocket
[2023-10-25 01:35:46.368] [debug] [13864685] [websocket_connection.cpp:682] [check_server] send check message
[2023-10-25 01:35:46.368] [debug] [13864685] [websocket_connection.cpp:702] [check_server] current version: 6258
[2023-10-25 01:35:46.381] [debug] [13864685] [websocket_connection.cpp:242] [on_check_server_response] check server response, 0
[2023-10-25 01:35:46.381] [debug] [13864685] [websocket_connection.cpp:864] [load_service_config] device id: 321332318
[2023-10-25 01:35:46.394] [debug] [13864685] [websocket_connection.cpp:581] [on_get_dns_domain_response] sdn domain: error=0 domain=raylink-root.raysync.cloud
[2023-10-25 01:35:46.396] [debug] [13864685] [websocket_connection.cpp:586] [on_get_dns_domain_response] ip=198.18.4.244
[2023-10-25 01:35:46.396] [debug] [13864685] [websocket_connection.cpp:593] [on_get_dns_domain_response] index=244
[2023-10-25 01:35:46.413] [debug] [13864685] [websocket_connection.cpp:420] [on_get_sdn_root_info_response] get sdn root info response
[2023-10-25 01:35:46.413] [debug] [13864685] [websocket_connection.cpp:432] [on_get_sdn_root_info_response] sdn root: 0x01 0x00 0x00 0x00 0x00 0x08 0xEA 0xC9 0x0A 0x00 0x00 0x01 0x6C 0xE3 0xE2 0x39 0x55 0x7D 0xF9 0xFB 0xF8 0x8C 0xD9 0x72 0xE0 0xA4 0xC1 0x36 0xDD 0x60 0x1E 0x99 0x0B 0x22 0xDD 0x93 0x64 0x96 0x7B 0x50 0x4E 0xE3 0x63 0xD2 0x44 0xD1 0x6C 0x55 0x25 0x48 0xCB 0x49 0x8D 0x9A 0xFF 0x5B 0x4C 0xE1 0xAC 0x57 0x50 0x19 0x56 0x79 0xB7 0x61 0x9B 0xEE 0x77 0x20 0x45 0xE7 0x10 0x3A 0xF6 0x3E 0x1C 0x94 0xCA 0xFB 0x1B 0x8D 0x5B 0x8D 0x4D 0x7D 0x9C 0xFF 0xF6 0xE5 0xB8 0x4A 0xA0 0x4F 0x74 0x68 0xE2 0x44 0xE1 0xED 0x2C 0xAE 0x83 0x5E 0x32 0x7F 0x64 0x69 0x95 0xAE 0xD1 0xB6 0xAF 0x60 0x9A 0xCC 0x90 0xBD 0xF0 0xA4 0x3F 0xCB 0xFF 0x71 0xF4 0x88 0xA2 0x40 0x21 0x2E 0xEF 0xFB 0x7C 0xDE 0x64 0x6E 0xCB 0x90 0x6B 0xA7 0xA9 0x58 0x27 0xD7 0x02 0x2E 0x83 0x5B 0xD1 0x31 0x57 0xCD 0x32 0x2F 0x72 0x56 0x6E 0xEF 0x6B 0x3B 0x30 0x65 0xEE 0x63 0xFC 0x88 0xC7 0xA3 0x3A 0x9A 0x49 0xBE 0xC8 0x65 0x49 0xB9 0x49 0x04 0x74 0x8B 0x58 0x1C 0x2F 0x00 0x3C 0x5F 0x39 0x8D 0x95 0xB3 0xB1 0x66 0xE1 0x5E 0x1F 0xEB 0x6C 0x26 0x69 0x3D 0x24 0x7A 0x7E 0xF6 0xE6 0x01 0x10 0x68 0x6A 0x32 0x7E 0xC6 0x15 0x91 0x83 0x6C 0x54 0x49 0x73 0x3D 0xA9 0xD2 0x93 0xE6 0xB0 0x36 0x51 0x40 0xA4 0x5E 0x7F 0x62 0x0C 0x4C 0x00 0x1E 0x63 0xB8 0xAA 0xA6 0x86 0xDE 0xAE 0x90 0x87 0x3F 0xF8 0x2C 0x00 0x01 0x04 0x70 0x4A 0x34 0xAB 0x7D 0x02 0x11 0x35 0xA0 0xC0 0xEA 0x00 0x4C 0xD0 0x15 0xE2 0xC5 0x05 0x50 0xA3 0xEF 0xE4 0xBA 0xFE 0x24 0x88 0x8D 0x0B 0x91 0x51 0x6B 0x6A 0x28 0x1A 0x5F 0xB9 0x36 0x73 0xEE 0x3D 0x5B 0xEE 0x2D 0x10 0x33 0x6A 0xC7 0x94 0xAC 0xD1 0x2E 0x27 0x84 0x0B 0x83 0xD9 0xF0 0x75 0xE7 0x38 0x5A 0xA7 0x06 0x58 0xF4 0x54 0xDD 0x08 0x46 0x9E 0x25 0x92 0xAF 0xA0 0x8F 0x4A 0x00 0x01 0x04 0x27 0x69 0xC9 0x15 0x7D 0x02 0xB4 0x82 0xF9 0x0F 0x48 0x00 0xB1 0xDF 0x0B 0x47 0x14 0x9D 0x85 0x06 0x98 0xD5 0x77 0x34 0xF9 0xA8 0x75 0x5A 0x82 0xEB 0x47 0x1B 0xB7 0xA9 0x57 0x15 0xB8 0x1C 0xCA 0x0D 0x33 0xB1 0xEB 0x7A 0x56 0xC0 0x82 0x01 0x75 0x29 0x49 0xA2 0x0C 0xF3 0x80 0x2D 0xFA 0xDE 0x46 0xAB 0xB1 0x8E 0x53 0x32 0xCE 0x0B 0x5E 0x06 0xB1 0x2C 0x59 0x49 0x53 0x37 0x3A 0x33 0x00 0x01 0x04 0x8B 0xC4 0x05 0x31 0x7D 0x02 0x15 0xC8 0xF0 0xEB 0x32 0x00 0xEC 0x75 0x9E 0x86 0x52 0x10 0x9A 0x56 0x94 0x37 0x78 0xE3 0x08 0x4C 0x6A 0x9B 0x19 0x30 0xFD 0xBB 0xEB 0x34 0x65 0xFC 0x16 0xD9 0xEB 0x57 0x43 0x6E 0x05 0x12 0x40 0x8C 0x31 0x7D 0xB4 0x7F 0xF0 0xC6 0x08 0x3C 0xF3 0x92 0xED 0xAE 0x39 0x0C 0xA6 0x03 0x81 0x9C 0xD2 0x2E 0x60 0x42 0xB8 0xE3 0x92 0xC9 0x6E 0x12 0x8B 0x5C 0x00 0x01 0x04 0x2F 0x6C 0xEB 0xF4 0x7D 0x02 
[2023-10-25 01:35:46.413] [debug] [13864685] [websocket_connection.cpp:435] [on_get_sdn_root_info_response] stun server's ip:stun.raylink.live, port:3479
[2023-10-25 01:35:46.413] [debug] [13864702] [raysync_service_manager.cpp:357] [operator()] init proxy
[2023-10-25 01:35:46.575] [debug] [13864647] [raysync_service_manager.cpp:163] [on_accept] accept connection 140178000747440
[2023-10-25 01:35:46.575] [debug] [13864647] [local_connection.cpp:536] [on_check] check sign: rayfile_server
[2023-10-25 01:35:46.575] [debug] [13864647] [local_connection.cpp:1459] [on_register_rayfile_port] register rayfile port: 53226
[2023-10-25 01:35:46.693] [debug] [13864685] [raysync_service_manager.cpp:383] [operator()] sdn: bc758b9b9f
[2023-10-25 01:35:46.693] [debug] [13864685] [websocket_connection.cpp:714] [register_device_id] register device id: 321332318
[2023-10-25 01:35:46.693] [debug] [13864685] [websocket_connection.cpp:756] [register_device_id] current address F8:4D:89:69:89:08
[2023-10-25 01:35:46.741] [debug] [13864685] [websocket_connection.cpp:761] [register_device_id] system version is : macOS 14.0

[2023-10-25 01:35:46.761] [debug] [13864685] [websocket_connection.cpp:299] [on_register_id_response] register id response
[2023-10-25 01:35:46.761] [info] [13864755] [websocket_connection.cpp:892] [report_net_info] start reporting network information!
[2023-10-25 01:35:46.762] [debug] [13864685] [websocket_connection.cpp:847] [register_sdn_id] register sdn id: sdn=bc758b9b9f port=53221 pro=false
[2023-10-25 01:35:46.762] [debug] [13864685] [raysync_service_manager.cpp:825] [notify_service_state] notify state: connected
[2023-10-25 01:35:46.762] [debug] [13864685] [raysync_service_manager.cpp:841] [notify_service_state] notify connection count: 0/0
[2023-10-25 01:35:46.777] [debug] [13864685] [websocket_connection.cpp:344] [on_set_local_sdn_info_response] set sdn info response
[2023-10-25 01:35:47.124] [debug] [13864647] [raysync_service_manager.cpp:163] [on_accept] accept connection 140178011230464
[2023-10-25 01:35:47.127] [debug] [13864647] [local_connection.cpp:536] [on_check] check sign: raysync_ui
[2023-10-25 01:35:47.127] [debug] [13864647] [raysync_service_manager.cpp:825] [notify_service_state] notify state: connected
[2023-10-25 01:35:47.127] [debug] [13864647] [raysync_service_manager.cpp:841] [notify_service_state] notify connection count: 0/0
[2023-10-25 01:35:47.142] [debug] [13864647] [local_connection.cpp:591] [on_update_service_config] update service config
[2023-10-25 01:35:47.142] [debug] [13864647] [local_connection.cpp:591] [on_update_service_config] update service config
[2023-10-25 01:35:47.143] [debug] [13864647] [local_connection.cpp:591] [on_update_service_config] update service config
[2023-10-25 01:35:47.145] [debug] [13864647] [local_connection.cpp:591] [on_update_service_config] update service config
[2023-10-25 01:35:51.679] [debug] [13864647] [raysync_service_manager.cpp:163] [on_accept] accept connection 140178015404480
[2023-10-25 01:35:51.679] [debug] [13864647] [raysync_service_manager.cpp:163] [on_accept] accept connection 140178014579168
[2023-10-25 01:35:51.679] [debug] [13864647] [local_connection.cpp:536] [on_check] check sign: raysync_capturer
[2023-10-25 01:35:51.679] [debug] [13864647] [local_connection.cpp:536] [on_check] check sign: raysync_capturer
[2023-10-25 01:35:51.680] [debug] [13864647] [local_connection.cpp:662] [on_register_capturer_port] register capturer port: 53250 0
[2023-10-25 01:35:51.680] [debug] [13864647] [local_connection.cpp:662] [on_register_capturer_port] register capturer port: 0 53249
[2023-10-25 01:35:58.930] [info] [13864755] [websocket_connection.cpp:921] [report_net_info] nat ip is empty or changed!
[2023-10-25 01:35:59.368] [error] [13864755] [net_speed_info.cpp:50] [SpeedTest] json::parse failed.the result string is : 
[2023-10-25 01:35:59.368] [error] [13864755] [websocket_connection.cpp:935] [report_net_info] failed speed test!
[2023-10-25 01:35:59.368] [info] [13864755] [websocket_connection.cpp:938] [report_net_info] download:0 B/s, upload:0 B/s, packet:-1 
[2023-10-25 01:35:59.369] [info] [13864755] [websocket_connection.cpp:945] [report_net_info] nat type:5 ; nat ip:113.111.10.12 ; nat behavior:4 ; nat filtering:4 
[2023-10-25 01:35:59.369] [info] [13864755] [websocket_connection.cpp:947] [report_net_info] finished reporting network information!
[2023-10-25 01:36:44.533] [error] [13864685] [raysync_service_manager.cpp:328] [on_error] connection error, Operation timed out
[2023-10-25 01:36:44.533] [error] [13864685] [raysync_service_manager.cpp:333] [on_close] service disconnected
[2023-10-25 01:36:44.533] [error] [13864685] [websocket_connection.cpp:41] [~WebsocketConnection] ~WebsocketConnection()
[2023-10-25 01:36:44.535] [debug] [13864685] [raysync_service_manager.cpp:825] [notify_service_state] notify state: disconnected
[2023-10-25 01:36:44.536] [debug] [13864647] [local_connection.cpp:591] [on_update_service_config] update service config
[2023-10-25 01:36:51.535] [debug] [13864685] [raysync_service_manager.cpp:1666] [create_websocket_connection] create websocket connection: ip=api.raylink.live port=443 password=
[2023-10-25 01:36:51.535] [error] [13864685] [raysync_service_manager.cpp:1809] [create_websocket_connection] token is empty.
[2023-10-25 01:36:51.639] [debug] [13864685] [raysync_service_manager.cpp:271] [on_connect] service connected
[2023-10-25 01:36:51.639] [error] [13864685] [websocket_connection.cpp:36] [WebsocketConnection] WebsocketConnection::WebsocketConnection
[2023-10-25 01:36:51.640] [debug] [13864685] [websocket_connection.cpp:61] [init] init websocket
[2023-10-25 01:36:51.640] [debug] [13864685] [websocket_connection.cpp:682] [check_server] send check message
[2023-10-25 01:36:51.641] [debug] [13864685] [websocket_connection.cpp:702] [check_server] current version: 6258
[2023-10-25 01:36:51.657] [debug] [13864685] [websocket_connection.cpp:242] [on_check_server_response] check server response, 0
[2023-10-25 01:36:51.657] [debug] [13864685] [websocket_connection.cpp:864] [load_service_config] device id: 321332318
[2023-10-25 01:36:51.672] [debug] [13864685] [websocket_connection.cpp:581] [on_get_dns_domain_response] sdn domain: error=0 domain=raylink-root.raysync.cloud
[2023-10-25 01:36:51.692] [debug] [13864685] [websocket_connection.cpp:586] [on_get_dns_domain_response] ip=127.0.0.0
[2023-10-25 01:36:51.692] [debug] [13864685] [websocket_connection.cpp:593] [on_get_dns_domain_response] index=0
[2023-10-25 01:36:51.703] [debug] [13864685] [websocket_connection.cpp:420] [on_get_sdn_root_info_response] get sdn root info response
[2023-10-25 01:36:51.704] [debug] [13864685] [websocket_connection.cpp:432] [on_get_sdn_root_info_response] sdn root: 0x01 0x00 0x00 0x00 0x00 0x00 0x00 0x00 0x00 0x00 0x00 0x01 0x8A 0x4B 0xBC 0x6E 0x9C 0x10 0x15 0x68 0x65 0xA5 0x02 0x4E 0x3A 0x58 0xE2 0xDB 0xE6 0x38 0x4E 0x1A 0xD8 0x58 0x0B 0x20 0x64 0x5B 0xEF 0x51 0xB8 0xCC 0xE6 0x83 0x7F 0x93 0xF6 0xFE 0x7F 0xE1 0x76 0xF7 0x7C 0xB9 0x79 0x5E 0x6B 0x22 0x53 0xE8 0x10 0xCA 0xC2 0x65 0xDA 0x3F 0x81 0x83 0x35 0xBF 0xA2 0xBC 0x25 0xBB 0xBC 0xAD 0x6B 0x07 0x7A 0x12 0x4A 0xB1 0xDD 0xEB 0x40 0xAD 0x29 0x5C 0x41 0x0B 0x79 0xF6 0xCA 0xDE 0x29 0x11 0x15 0x2B 0xCA 0x60 0xD8 0xA5 0x8C 0xC3 0x47 0xB5 0x4B 0xF8 0x30 0xEC 0x0B 0x78 0x19 0xF4 0x5C 0x6B 0xE0 0x37 0x73 0xE9 0xC5 0x80 0xDE 0xD7 0x55 0x2B 0xD0 0x9D 0x28 0x35 0x62 0xE1 0xEE 0xE4 0xA9 0x9F 0x3A 0x43 0xD9 0x48 0x27 0x9E 0xB8 0x11 0x0B 0x0F 0x4F 0x72 0xED 0xFC 0xA8 0xD9 0xC0 0x27 0xCE 0x07 0x36 0x57 0xC9 0xB1 0xDA 0xD7 0xEB 0x13 0x1C 0xBF 0xB3 0x20 0x73 0xCC 0xA1 0xA2 0xB0 0x8F 0xB6 0x40 0x49 0x04 0x00 0x0F 0xAB 0x17 0xAB 0x00 0x35 0x94 0x66 0xFF 0x4C 0x42 0x45 0xDA 0x36 0x66 0x49 0x37 0xE1 0x53 0x36 0x11 0xBD 0x69 0x1E 0x80 0x5F 0x94 0xC3 0x84 0x83 0xE7 0x82 0xFE 0x64 0xB6 0x60 0x4F 0x45 0x5E 0x1F 0x46 0x2D 0x23 0x48 0x26 0xA2 0x6F 0x14 0xC3 0x0B 0x75 0xEC 0xA0 0xC0 0xEC 0xC7 0xDC 0x63 0x23 0x78 0xFF 0x30 0xB3 0xE5 0x60 0xB9 0x1C 0x25 0x5E 0x00 0x03 0x04 0xB7 0x24 0x1D 0x6C 0x7D 0x02 0x04 0xA3 0xB1 0x4F 0xAB 0x7D 0x02 0x04 0xB7 0xF0 0xCC 0x97 0x7D 0x02 0x00 0xE6 0x65 0xA4 0xA2 0x00 0x82 0x47 0xDF 0xD8 0xCF 0x07 0xF1 0x48 0xE1 0x37 0xF5 0xE2 0x33 0x4C 0xD9 0xDF 0x1C 0xFD 0x71 0x78 0xD8 0x2F 0x20 0x9F 0x0F 0xCD 0x3E 0x51 0xE3 0x85 0xBC 0x52 0x5A 0xE7 0xAF 0xEB 0xF9 0x8A 0x56 0x9B 0xC1 0x9B 0x99 0x3F 0x64 0x3C 0xDA 0x55 0x00 0x24 0x3A 0xFD 0x3B 0x5E 0x5C 0xDA 0xBE 0xF2 0xC0 0x0B 0x65 0x80 0x8D 0x67 0x00 0x03 0x04 0xB7 0x92 0x1C 0x8E 0x7D 0x02 0x04 0x65 0x45 0xB6 0x4E 0x7D 0x02 0x04 0x75 0x93 0xBC 0x8E 0x7D 0x02 0x00 0xDD 0x0E 0x19 0xC9 0x00 0xE2 0xF5 0x75 0xE9 0x2C 0x2C 0x92 0xC9 0xD0 0x34 0xB6 0xE5 0x2E 0x17 0x60 0x57 0xB9 0xCE 0x5D 0x71 0x9A 0xEF 0x15 0x1B 0xF4 0xD8 0x28 0x1B 0xBF 0x7E 0x4D 0x34 0xA9 0x60 0x2F 0x01 0x2E 0xDA 0x28 0x67 0x73 0xE4 0x4C 0xC2 0x85 0xD6 0xBB 0x46 0x2F 0x0B 0xE4 0x97 0xD0 0x2F 0xE0 0xE5 0x7E 0x32 0x9E 0xA4 0xFB 0x4A 0xF3 0xFF 0x00 0x03 0x04 0x3D 0x8B 0x41 0x38 0x7D 0x02 0x04 0x74 0xA9 0x39 0x78 0x7D 0x02 0x04 0x70 0x2D 0x21 0x2F 0x7D 0x02 0x00 0x2C 0x30 0x4D 0xF3 0x00 0xF0 0x67 0xB8 0x9B 0xDE 0x90 0x3C 0x1C 0xAD 0xC7 0x87 0xB4 0x87 0x08 0xCE 0x6D 0x02 0x69 0xDB 0x8D 0xC6 0xC6 0x1F 0x85 0xA1 0x76 0xC8 0x4A 0x1E 0xC2 0x74 0x4A 0x6D 0x88 0x91 0x62 0x25 0x83 0x9E 0x85 0x4F 0x54 0xA6 0x5A 0x48 0x35 0x44 0xE6 0x2A 0x08 0xE2 0xA8 0x5B 0x69 0xD5 0x0A 0xF7 0xC2 0x91 0x13 0x6D 0x3C 0x28 0x54 0x00 0x03 0x04 0x2A 0x51 0xD3 0xE7 0x7D 0x02 0x04 0x7D 0x25 0xCC 0x37 0x7D 0x02 0x04 0x6F 0x20 0xB0 0x54 0x7D 0x02 
[2023-10-25 01:36:51.704] [debug] [13864685] [websocket_connection.cpp:435] [on_get_sdn_root_info_response] stun server's ip:stun.raylink.live, port:3479
[2023-10-25 01:36:51.704] [debug] [13870951] [raysync_service_manager.cpp:357] [operator()] init proxy
[2023-10-25 01:36:52.171] [debug] [13864685] [raysync_service_manager.cpp:383] [operator()] sdn: 499ea856
[2023-10-25 01:36:52.171] [debug] [13864685] [websocket_connection.cpp:714] [register_device_id] register device id: 321332318
[2023-10-25 01:36:52.172] [debug] [13864685] [websocket_connection.cpp:756] [register_device_id] current address F8:4D:89:69:89:08
[2023-10-25 01:36:52.172] [debug] [13864685] [websocket_connection.cpp:761] [register_device_id] system version is : macOS 14.0

[2023-10-25 01:36:52.188] [debug] [13864685] [websocket_connection.cpp:299] [on_register_id_response] register id response
[2023-10-25 01:36:52.188] [info] [13871042] [websocket_connection.cpp:892] [report_net_info] start reporting network information!
[2023-10-25 01:36:52.189] [debug] [13864685] [websocket_connection.cpp:847] [register_sdn_id] register sdn id: sdn=499ea856 port=53221 pro=false
[2023-10-25 01:36:52.189] [debug] [13864685] [raysync_service_manager.cpp:825] [notify_service_state] notify state: connected
[2023-10-25 01:36:52.189] [debug] [13864685] [raysync_service_manager.cpp:841] [notify_service_state] notify connection count: 0/0
[2023-10-25 01:36:52.189] [debug] [13864647] [local_connection.cpp:591] [on_update_service_config] update service config
[2023-10-25 01:36:52.190] [debug] [13864647] [local_connection.cpp:591] [on_update_service_config] update service config
[2023-10-25 01:36:52.193] [debug] [13864647] [local_connection.cpp:591] [on_update_service_config] update service config
[2023-10-25 01:36:52.201] [debug] [13864685] [websocket_connection.cpp:344] [on_set_local_sdn_info_response] set sdn info response
[2023-10-25 01:37:04.301] [info] [13871042] [websocket_connection.cpp:921] [report_net_info] nat ip is empty or changed!
[2023-10-25 01:37:32.507] [info] [13871042] [websocket_connection.cpp:938] [report_net_info] download:-1 B/s, upload:-1 B/s, packet:-1 
[2023-10-25 01:37:32.508] [info] [13871042] [websocket_connection.cpp:945] [report_net_info] nat type:5 ; nat ip:113.111.10.12 ; nat behavior:4 ; nat filtering:4 
[2023-10-25 01:37:32.509] [info] [13871042] [websocket_connection.cpp:947] [report_net_info] finished reporting network information!
[2023-10-25 01:39:43.691] [debug] [13864647] [raysync_service_manager.cpp:903] [login] login: server=api.raylink.live port=443 m_password= password=rsat:mqhyVKhRjUYj77l2Y62aMBqpLbi
[2023-10-25 01:39:43.692] [debug] [13864685] [raysync_service_manager.cpp:1666] [create_websocket_connection] create websocket connection: ip=api.raylink.live port=443 password=rsat:mqhyVKhRjUYj77l2Y62aMBqpLbi
[2023-10-25 01:39:43.760] [debug] [13864685] [raysync_service_manager.cpp:1706] [create_websocket_connection] Get user info response: {"result":true,"code":200,"data":{"phone":"17381188852","registerTime":"2023-10-25T01:39:44","userAccountConfigVo":{"concurrencyCount":1,"accountRegion":"中国 广东 广州","connectionChannelCount":1,"accountLevel":1},"thirdPartyResps":[],"id":184516,"userName":"T1m7cERAJQ","rsAuthToken":"rsat:mqhyVKhRjUYj77l2Y62aMBqpLbi","loggedPlatform":"rsat:mqhyVKhRjUYj77l2Y62aMBqpLbi"},"serverTime":1698169183779,"label":"成功","message":"成功","version":"1.0.0"}
[2023-10-25 01:39:43.761] [debug] [13864685] [raysync_service_manager.cpp:1738] [create_websocket_connection] Account: T1m7cERAJQ
[2023-10-25 01:39:43.820] [debug] [13864685] [raysync_service_manager.cpp:271] [on_connect] service connected
[2023-10-25 01:39:43.820] [error] [13864685] [websocket_connection.cpp:36] [WebsocketConnection] WebsocketConnection::WebsocketConnection
[2023-10-25 01:39:43.820] [error] [13864685] [websocket_connection.cpp:41] [~WebsocketConnection] ~WebsocketConnection()
[2023-10-25 01:39:43.908] [debug] [13864685] [websocket_connection.cpp:61] [init] init websocket
[2023-10-25 01:39:43.909] [debug] [13864685] [websocket_connection.cpp:682] [check_server] send check message
[2023-10-25 01:39:43.909] [debug] [13864685] [websocket_connection.cpp:702] [check_server] current version: 6258
[2023-10-25 01:39:43.909] [debug] [13864685] [websocket_connection.cpp:512] [on_license_changed] license changed: 0/1
[2023-10-25 01:39:43.919] [error] [13864685] [raysync_service_manager.cpp:333] [on_close] service disconnected
[2023-10-25 01:39:43.919] [error] [13864685] [raysync_service_manager.cpp:328] [on_error] connection error, Operation canceled
[2023-10-25 01:39:43.922] [debug] [13864685] [websocket_connection.cpp:242] [on_check_server_response] check server response, 0
[2023-10-25 01:39:43.922] [debug] [13864685] [websocket_connection.cpp:864] [load_service_config] device id: 321332318
[2023-10-25 01:39:43.935] [debug] [13864685] [websocket_connection.cpp:581] [on_get_dns_domain_response] sdn domain: error=0 domain=raylink-root.raysync.cloud
[2023-10-25 01:39:43.941] [debug] [13864685] [websocket_connection.cpp:586] [on_get_dns_domain_response] ip=198.18.4.244
[2023-10-25 01:39:43.941] [debug] [13864685] [websocket_connection.cpp:593] [on_get_dns_domain_response] index=244
[2023-10-25 01:39:43.958] [debug] [13864685] [websocket_connection.cpp:420] [on_get_sdn_root_info_response] get sdn root info response
[2023-10-25 01:39:43.958] [debug] [13864685] [websocket_connection.cpp:432] [on_get_sdn_root_info_response] sdn root: 0x01 0x00 0x00 0x00 0x00 0x08 0xEA 0xC9 0x0A 0x00 0x00 0x01 0x6C 0xE3 0xE2 0x39 0x55 0x7D 0xF9 0xFB 0xF8 0x8C 0xD9 0x72 0xE0 0xA4 0xC1 0x36 0xDD 0x60 0x1E 0x99 0x0B 0x22 0xDD 0x93 0x64 0x96 0x7B 0x50 0x4E 0xE3 0x63 0xD2 0x44 0xD1 0x6C 0x55 0x25 0x48 0xCB 0x49 0x8D 0x9A 0xFF 0x5B 0x4C 0xE1 0xAC 0x57 0x50 0x19 0x56 0x79 0xB7 0x61 0x9B 0xEE 0x77 0x20 0x45 0xE7 0x10 0x3A 0xF6 0x3E 0x1C 0x94 0xCA 0xFB 0x1B 0x8D 0x5B 0x8D 0x4D 0x7D 0x9C 0xFF 0xF6 0xE5 0xB8 0x4A 0xA0 0x4F 0x74 0x68 0xE2 0x44 0xE1 0xED 0x2C 0xAE 0x83 0x5E 0x32 0x7F 0x64 0x69 0x95 0xAE 0xD1 0xB6 0xAF 0x60 0x9A 0xCC 0x90 0xBD 0xF0 0xA4 0x3F 0xCB 0xFF 0x71 0xF4 0x88 0xA2 0x40 0x21 0x2E 0xEF 0xFB 0x7C 0xDE 0x64 0x6E 0xCB 0x90 0x6B 0xA7 0xA9 0x58 0x27 0xD7 0x02 0x2E 0x83 0x5B 0xD1 0x31 0x57 0xCD 0x32 0x2F 0x72 0x56 0x6E 0xEF 0x6B 0x3B 0x30 0x65 0xEE 0x63 0xFC 0x88 0xC7 0xA3 0x3A 0x9A 0x49 0xBE 0xC8 0x65 0x49 0xB9 0x49 0x04 0x74 0x8B 0x58 0x1C 0x2F 0x00 0x3C 0x5F 0x39 0x8D 0x95 0xB3 0xB1 0x66 0xE1 0x5E 0x1F 0xEB 0x6C 0x26 0x69 0x3D 0x24 0x7A 0x7E 0xF6 0xE6 0x01 0x10 0x68 0x6A 0x32 0x7E 0xC6 0x15 0x91 0x83 0x6C 0x54 0x49 0x73 0x3D 0xA9 0xD2 0x93 0xE6 0xB0 0x36 0x51 0x40 0xA4 0x5E 0x7F 0x62 0x0C 0x4C 0x00 0x1E 0x63 0xB8 0xAA 0xA6 0x86 0xDE 0xAE 0x90 0x87 0x3F 0xF8 0x2C 0x00 0x01 0x04 0x70 0x4A 0x34 0xAB 0x7D 0x02 0x11 0x35 0xA0 0xC0 0xEA 0x00 0x4C 0xD0 0x15 0xE2 0xC5 0x05 0x50 0xA3 0xEF 0xE4 0xBA 0xFE 0x24 0x88 0x8D 0x0B 0x91 0x51 0x6B 0x6A 0x28 0x1A 0x5F 0xB9 0x36 0x73 0xEE 0x3D 0x5B 0xEE 0x2D 0x10 0x33 0x6A 0xC7 0x94 0xAC 0xD1 0x2E 0x27 0x84 0x0B 0x83 0xD9 0xF0 0x75 0xE7 0x38 0x5A 0xA7 0x06 0x58 0xF4 0x54 0xDD 0x08 0x46 0x9E 0x25 0x92 0xAF 0xA0 0x8F 0x4A 0x00 0x01 0x04 0x27 0x69 0xC9 0x15 0x7D 0x02 0xB4 0x82 0xF9 0x0F 0x48 0x00 0xB1 0xDF 0x0B 0x47 0x14 0x9D 0x85 0x06 0x98 0xD5 0x77 0x34 0xF9 0xA8 0x75 0x5A 0x82 0xEB 0x47 0x1B 0xB7 0xA9 0x57 0x15 0xB8 0x1C 0xCA 0x0D 0x33 0xB1 0xEB 0x7A 0x56 0xC0 0x82 0x01 0x75 0x29 0x49 0xA2 0x0C 0xF3 0x80 0x2D 0xFA 0xDE 0x46 0xAB 0xB1 0x8E 0x53 0x32 0xCE 0x0B 0x5E 0x06 0xB1 0x2C 0x59 0x49 0x53 0x37 0x3A 0x33 0x00 0x01 0x04 0x8B 0xC4 0x05 0x31 0x7D 0x02 0x15 0xC8 0xF0 0xEB 0x32 0x00 0xEC 0x75 0x9E 0x86 0x52 0x10 0x9A 0x56 0x94 0x37 0x78 0xE3 0x08 0x4C 0x6A 0x9B 0x19 0x30 0xFD 0xBB 0xEB 0x34 0x65 0xFC 0x16 0xD9 0xEB 0x57 0x43 0x6E 0x05 0x12 0x40 0x8C 0x31 0x7D 0xB4 0x7F 0xF0 0xC6 0x08 0x3C 0xF3 0x92 0xED 0xAE 0x39 0x0C 0xA6 0x03 0x81 0x9C 0xD2 0x2E 0x60 0x42 0xB8 0xE3 0x92 0xC9 0x6E 0x12 0x8B 0x5C 0x00 0x01 0x04 0x2F 0x6C 0xEB 0xF4 0x7D 0x02 
[2023-10-25 01:39:43.958] [debug] [13864685] [websocket_connection.cpp:435] [on_get_sdn_root_info_response] stun server's ip:stun.raylink.live, port:3479
[2023-10-25 01:39:43.958] [debug] [13887711] [raysync_service_manager.cpp:357] [operator()] init proxy
[2023-10-25 01:39:44.205] [debug] [13864685] [raysync_service_manager.cpp:383] [operator()] sdn: 499ea856
[2023-10-25 01:39:44.205] [debug] [13864685] [websocket_connection.cpp:714] [register_device_id] register device id: 321332318
[2023-10-25 01:39:44.205] [debug] [13864685] [websocket_connection.cpp:756] [register_device_id] current address F8:4D:89:69:89:08
[2023-10-25 01:39:44.206] [debug] [13864685] [websocket_connection.cpp:761] [register_device_id] system version is : macOS 14.0

[2023-10-25 01:39:44.224] [debug] [13864685] [websocket_connection.cpp:299] [on_register_id_response] register id response
[2023-10-25 01:39:44.225] [info] [13887716] [websocket_connection.cpp:892] [report_net_info] start reporting network information!
[2023-10-25 01:39:44.225] [debug] [13864685] [websocket_connection.cpp:847] [register_sdn_id] register sdn id: sdn=499ea856 port=53221 pro=false
[2023-10-25 01:39:44.225] [debug] [13864685] [raysync_service_manager.cpp:825] [notify_service_state] notify state: connected
[2023-10-25 01:39:44.225] [debug] [13864685] [raysync_service_manager.cpp:841] [notify_service_state] notify connection count: 0/1
[2023-10-25 01:39:44.227] [debug] [13864647] [local_connection.cpp:591] [on_update_service_config] update service config
[2023-10-25 01:39:44.228] [debug] [13864647] [local_connection.cpp:591] [on_update_service_config] update service config
[2023-10-25 01:39:44.229] [debug] [13864647] [local_connection.cpp:591] [on_update_service_config] update service config
[2023-10-25 01:39:44.241] [debug] [13864685] [websocket_connection.cpp:344] [on_set_local_sdn_info_response] set sdn info response
[2023-10-25 01:39:44.803] [debug] [13864647] [local_connection.cpp:703] [on_connect_peer] connect peer[ui], id=9 devive_id=242085551 deffirent_verify = false,is_file_connect = false
[2023-10-25 01:39:44.803] [debug] [13864647] [raysync_service_manager.cpp:541] [connect_peer] connect peer
[2023-10-25 01:39:44.803] [debug] [13864647] [raysync_service_manager.cpp:545] [connect_peer] get sdn info
[2023-10-25 01:39:44.803] [debug] [13864647] [websocket_connection.cpp:110] [check_user_level] send get user info request
[2023-10-25 01:39:44.816] [debug] [13864685] [websocket_connection.cpp:519] [on_get_user_info_response] on_get_user_info_response
[2023-10-25 01:39:44.816] [debug] [13864685] [websocket_connection.cpp:123] [get_sdn_info] send get sdn request
[2023-10-25 01:39:44.832] [debug] [13864685] [websocket_connection.cpp:351] [on_get_device_sdn_info_response] get sdn info response
[2023-10-25 01:39:44.832] [debug] [13864685] [raysync_service_manager.cpp:590] [on_get_peer_sdn_info] got sdn info: id=e9ebbd34 port=50390 pro=true,admin_account=
[2023-10-25 01:39:44.833] [debug] [13864685] [raysync_service_manager.cpp:623] [on_get_peer_sdn_info] init proxy client: id=e9ebbd34
[2023-10-25 01:39:54.853] [debug] [13864730] [raysync_service_manager.cpp:1836] [on_proxy_connect] proxy connect callback: id=e9ebbd34 port=50390 state=1 admin_account=
[2023-10-25 01:39:54.853] [warning] [13864730] [raysync_service_manager.cpp:1889] [on_proxy_connect] disconnected, id=e9ebbd34
[2023-10-25 01:39:54.874] [debug] [13864730] [raysync_service_manager.cpp:1936] [on_proxy_file_connect] proxy file connect callback: id=e9ebbd34 state=1,is_mydevice=false
[2023-10-25 01:39:56.399] [info] [13887716] [websocket_connection.cpp:938] [report_net_info] download:-1 B/s, upload:-1 B/s, packet:-1 
[2023-10-25 01:39:56.399] [info] [13887716] [websocket_connection.cpp:945] [report_net_info] nat type:5 ; nat ip:113.111.10.12 ; nat behavior:4 ; nat filtering:4 
[2023-10-25 01:39:56.400] [info] [13887716] [websocket_connection.cpp:947] [report_net_info] finished reporting network information!
[2023-10-25 01:39:56.669] [debug] [13864647] [local_connection.cpp:703] [on_connect_peer] connect peer[ui], id=12 devive_id=242085551 deffirent_verify = false,is_file_connect = false
[2023-10-25 01:39:56.669] [debug] [13864647] [raysync_service_manager.cpp:541] [connect_peer] connect peer
[2023-10-25 01:39:56.669] [debug] [13864647] [raysync_service_manager.cpp:545] [connect_peer] get sdn info
[2023-10-25 01:39:56.669] [debug] [13864647] [websocket_connection.cpp:110] [check_user_level] send get user info request
[2023-10-25 01:39:56.682] [debug] [13864685] [websocket_connection.cpp:519] [on_get_user_info_response] on_get_user_info_response
[2023-10-25 01:39:56.682] [debug] [13864685] [websocket_connection.cpp:123] [get_sdn_info] send get sdn request
[2023-10-25 01:39:56.695] [debug] [13864685] [websocket_connection.cpp:351] [on_get_device_sdn_info_response] get sdn info response
[2023-10-25 01:39:56.695] [debug] [13864685] [raysync_service_manager.cpp:590] [on_get_peer_sdn_info] got sdn info: id=e9ebbd34 port=50390 pro=true,admin_account=
[2023-10-25 01:39:56.695] [debug] [13864685] [raysync_service_manager.cpp:623] [on_get_peer_sdn_info] init proxy client: id=e9ebbd34
[2023-10-25 01:40:06.719] [debug] [13864730] [raysync_service_manager.cpp:1836] [on_proxy_connect] proxy connect callback: id=e9ebbd34 port=50390 state=1 admin_account=
[2023-10-25 01:40:06.719] [warning] [13864730] [raysync_service_manager.cpp:1889] [on_proxy_connect] disconnected, id=e9ebbd34
[2023-10-25 01:40:06.720] [debug] [13864730] [raysync_service_manager.cpp:1936] [on_proxy_file_connect] proxy file connect callback: id=e9ebbd34 state=1,is_mydevice=false
[2023-10-25 01:40:29.595] [debug] [13864647] [local_connection.cpp:703] [on_connect_peer] connect peer[ui], id=13 devive_id=242085551 deffirent_verify = false,is_file_connect = false
[2023-10-25 01:40:29.595] [debug] [13864647] [raysync_service_manager.cpp:541] [connect_peer] connect peer
[2023-10-25 01:40:29.595] [debug] [13864647] [raysync_service_manager.cpp:545] [connect_peer] get sdn info
[2023-10-25 01:40:29.595] [debug] [13864647] [websocket_connection.cpp:110] [check_user_level] send get user info request
[2023-10-25 01:40:29.608] [debug] [13864685] [websocket_connection.cpp:519] [on_get_user_info_response] on_get_user_info_response
[2023-10-25 01:40:29.608] [debug] [13864685] [websocket_connection.cpp:123] [get_sdn_info] send get sdn request
[2023-10-25 01:40:29.622] [debug] [13864685] [websocket_connection.cpp:351] [on_get_device_sdn_info_response] get sdn info response
[2023-10-25 01:40:29.622] [debug] [13864685] [raysync_service_manager.cpp:590] [on_get_peer_sdn_info] got sdn info: id=e9ebbd34 port=50390 pro=true,admin_account=
[2023-10-25 01:40:29.622] [debug] [13864685] [raysync_service_manager.cpp:623] [on_get_peer_sdn_info] init proxy client: id=e9ebbd34
[2023-10-25 01:40:39.643] [debug] [13864730] [raysync_service_manager.cpp:1836] [on_proxy_connect] proxy connect callback: id=e9ebbd34 port=50390 state=1 admin_account=
[2023-10-25 01:40:39.643] [warning] [13864730] [raysync_service_manager.cpp:1889] [on_proxy_connect] disconnected, id=e9ebbd34
[2023-10-25 01:40:39.644] [debug] [13864730] [raysync_service_manager.cpp:1936] [on_proxy_file_connect] proxy file connect callback: id=e9ebbd34 state=1,is_mydevice=false
